<?xml version="1.0" encoding="UTF-8"?>
<TestRun id="b2898e11-f3ee-4ab4-9348-59ddc5296d6a" name="Juliën Hanssens@GX755-005 2012-02-13 15:08:36" runUser="GX755-005\Juliën Hanssens" xmlns="http://microsoft.com/schemas/VisualStudio/TeamTest/2010">
  <TestSettings name="Local" id="6eb931c3-cf25-4534-bcc5-ab683f4af19a">
    <Description>These are default test settings for a local test run.</Description>
    <Deployment enabled="false" runDeploymentRoot="Juliën Hanssens_GX755-005 2012-02-13 15_08_36">
      <DeploymentItem filename="C:\Users\Juliën Hanssens\Desktop\_MAANDAG\ConsoleApplication1\Seringe\bin\Debug\Seringe.dll" />
    </Deployment>
    <Execution>
      <TestTypeSpecific />
      <AgentRule name="Execution Agents">
      </AgentRule>
    </Execution>
  </TestSettings>
  <Times creation="2012-02-13T15:08:36.5720177+01:00" queuing="2012-02-13T15:08:36.6740235+01:00" start="2012-02-13T15:08:36.6800238+01:00" finish="2012-02-13T15:08:36.9590398+01:00" />
  <ResultSummary outcome="Completed">
    <Counters total="1" executed="1" passed="1" error="0" failed="0" timeout="0" aborted="0" inconclusive="0" passedButRunAborted="0" notRunnable="0" notExecuted="0" disconnected="0" warning="0" completed="0" inProgress="0" pending="0" />
  </ResultSummary>
  <TestDefinitions>
    <UnitTest name="WithValueAnonymous" storage="c:\users\juliën hanssens\desktop\_maandag\consoleapplication1\seringe.tests\bin\debug\seringe.tests.dll" id="84d1a2f0-e919-8be7-8f16-a04c71c03323">
      <Execution id="f7472ba4-c0fc-47f1-bd22-82e208fbc46e" />
      <TestMethod codeBase="C:/Users/Juliën Hanssens/Desktop/_MAANDAG/ConsoleApplication1/Seringe.Tests/bin/Debug/Seringe.Tests.DLL" adapterTypeName="Microsoft.VisualStudio.TestTools.TestTypes.Unit.UnitTestAdapter, Microsoft.VisualStudio.QualityTools.Tips.UnitTest.Adapter, Version=10.0.0.0, Culture=neutral, PublicKeyToken=b03f5f7f11d50a3a" className="Seringe.Tests.SeringeContainerTests, Seringe.Tests, Version=1.0.0.0, Culture=neutral, PublicKeyToken=null" name="WithValueAnonymous" />
    </UnitTest>
  </TestDefinitions>
  <TestLists>
    <TestList name="Results Not in a List" id="8c84fa94-04c1-424b-9868-57a2d4851a1d" />
    <TestList name="All Loaded Results" id="19431567-8539-422a-85d7-44ee4e166bda" />
  </TestLists>
  <TestEntries>
    <TestEntry testId="84d1a2f0-e919-8be7-8f16-a04c71c03323" executionId="f7472ba4-c0fc-47f1-bd22-82e208fbc46e" testListId="8c84fa94-04c1-424b-9868-57a2d4851a1d" />
  </TestEntries>
  <Results>
    <UnitTestResult executionId="f7472ba4-c0fc-47f1-bd22-82e208fbc46e" testId="84d1a2f0-e919-8be7-8f16-a04c71c03323" testName="WithValueAnonymous" computerName="GX755-005" duration="00:00:00.0194323" startTime="2012-02-13T15:08:36.6860242+01:00" endTime="2012-02-13T15:08:36.9430389+01:00" testType="13cdc9d9-ddb5-4fa4-a97d-d965ccfc6d4b" outcome="Passed" testListId="8c84fa94-04c1-424b-9868-57a2d4851a1d" relativeResultsDirectory="f7472ba4-c0fc-47f1-bd22-82e208fbc46e">
    </UnitTestResult>
  </Results>
</TestRun>