<?xml version="1.0" encoding="UTF-8"?>
<TestRun id="99c349ae-91a4-4563-902f-0eb8e0c27172" name="Juliën Hanssens@GX755-005 2012-02-13 15:16:16" runUser="GX755-005\Juliën Hanssens" xmlns="http://microsoft.com/schemas/VisualStudio/TeamTest/2010">
  <TestSettings name="Local" id="6eb931c3-cf25-4534-bcc5-ab683f4af19a">
    <Description>These are default test settings for a local test run.</Description>
    <Deployment runDeploymentRoot="Juliën Hanssens_GX755-005 2012-02-13 15_16_16">
      <DeploymentItem filename="C:\Users\Juliën Hanssens\Desktop\_MAANDAG\ConsoleApplication1\Seringe\bin\Debug\Seringe.dll" />
    </Deployment>
    <Execution>
      <TestTypeSpecific>
        <UnitTestRunConfig testTypeId="13cdc9d9-ddb5-4fa4-a97d-d965ccfc6d4b">
          <AssemblyResolution>
            <TestDirectory useLoadContext="true" />
          </AssemblyResolution>
        </UnitTestRunConfig>
        <WebTestRunConfiguration testTypeId="4e7599fa-5ecb-43e9-a887-cd63cf72d207">
          <Browser name="Internet Explorer 7.0">
            <Headers>
              <Header name="User-Agent" value="Mozilla/4.0 (compatible; MSIE 7.0; Windows NT 5.1)" />
              <Header name="Accept" value="*/*" />
              <Header name="Accept-Language" value="{{$IEAcceptLanguage}}" />
              <Header name="Accept-Encoding" value="GZIP" />
            </Headers>
          </Browser>
        </WebTestRunConfiguration>
      </TestTypeSpecific>
      <AgentRule name="LocalMachineDefaultRole">
        <DataCollectors>
          <DataCollector uri="datacollector://microsoft/CodeCoverage/1.0" assemblyQualifiedName="Microsoft.VisualStudio.TestTools.CodeCoverage.CoveragePlugIn, Microsoft.VisualStudio.QualityTools.Plugins.CodeCoverage, Version=10.0.0.0, Culture=neutral, PublicKeyToken=b03f5f7f11d50a3a" friendlyName="Code Coverage">
            <Configuration>
              <CodeCoverage xmlns="">
                <Regular>
                  <CodeCoverageItem binaryFile="C:\Users\Juliën Hanssens\Desktop\_MAANDAG\ConsoleApplication1\Seringe\bin\Debug\Seringe.dll" pdbFile="C:\Users\Juliën Hanssens\Desktop\_MAANDAG\ConsoleApplication1\Seringe\bin\Debug\Seringe.instr.pdb" instrumentInPlace="true" />
                </Regular>
              </CodeCoverage>
            </Configuration>
          </DataCollector>
        </DataCollectors>
      </AgentRule>
    </Execution>
  </TestSettings>
  <Times creation="2012-02-13T15:16:16.8717166+01:00" queuing="2012-02-13T15:16:17.3417306+01:00" start="2012-02-13T15:16:17.4287356+01:00" finish="2012-02-13T15:16:20.2638369+01:00" />
  <ResultSummary outcome="Failed">
    <Counters total="6" executed="6" passed="5" error="0" failed="1" timeout="0" aborted="0" inconclusive="0" passedButRunAborted="0" notRunnable="0" notExecuted="0" disconnected="0" warning="0" completed="0" inProgress="0" pending="0" />
    <ResultFiles>
      <ResultFile path="GX755-005\data.coverage" />
    </ResultFiles>
  </ResultSummary>
  <TestDefinitions>
    <UnitTest name="AnonymousRegistration" storage="c:\users\juliën hanssens\desktop\_maandag\consoleapplication1\seringe.tests\bin\debug\seringe.tests.dll" id="6817c872-fb08-8c17-aa7d-2d98226d3aea">
      <Execution id="bca3d1d6-521f-4240-acf8-839e1c4cf9fa" />
      <TestMethod codeBase="C:/Users/Juliën Hanssens/Desktop/_MAANDAG/ConsoleApplication1/Seringe.Tests/bin/Debug/Seringe.Tests.DLL" adapterTypeName="Microsoft.VisualStudio.TestTools.TestTypes.Unit.UnitTestAdapter, Microsoft.VisualStudio.QualityTools.Tips.UnitTest.Adapter, Version=10.0.0.0, Culture=neutral, PublicKeyToken=b03f5f7f11d50a3a" className="Seringe.Tests.SeringeContainerTests, Seringe.Tests, Version=1.0.0.0, Culture=neutral, PublicKeyToken=null" name="AnonymousRegistration" />
    </UnitTest>
    <UnitTest name="WithValue" storage="c:\users\juliën hanssens\desktop\_maandag\consoleapplication1\seringe.tests\bin\debug\seringe.tests.dll" id="66608283-736c-0d7a-faac-634df36634b9">
      <Execution id="a7b39b9d-ce6b-40c8-b6e0-eeea83b690cd" />
      <TestMethod codeBase="C:/Users/Juliën Hanssens/Desktop/_MAANDAG/ConsoleApplication1/Seringe.Tests/bin/Debug/Seringe.Tests.DLL" adapterTypeName="Microsoft.VisualStudio.TestTools.TestTypes.Unit.UnitTestAdapter, Microsoft.VisualStudio.QualityTools.Tips.UnitTest.Adapter, Version=10.0.0.0, Culture=neutral, PublicKeyToken=b03f5f7f11d50a3a" className="Seringe.Tests.SeringeContainerTests, Seringe.Tests, Version=1.0.0.0, Culture=neutral, PublicKeyToken=null" name="WithValue" />
    </UnitTest>
    <UnitTest name="WithValueAnonymous" storage="c:\users\juliën hanssens\desktop\_maandag\consoleapplication1\seringe.tests\bin\debug\seringe.tests.dll" id="84d1a2f0-e919-8be7-8f16-a04c71c03323">
      <Execution id="d0713084-b747-4cb6-b1b3-784ea723bb76" />
      <TestMethod codeBase="C:/Users/Juliën Hanssens/Desktop/_MAANDAG/ConsoleApplication1/Seringe.Tests/bin/Debug/Seringe.Tests.DLL" adapterTypeName="Microsoft.VisualStudio.TestTools.TestTypes.Unit.UnitTestAdapter, Microsoft.VisualStudio.QualityTools.Tips.UnitTest.Adapter, Version=10.0.0.0, Culture=neutral, PublicKeyToken=b03f5f7f11d50a3a" className="Seringe.Tests.SeringeContainerTests, Seringe.Tests, Version=1.0.0.0, Culture=neutral, PublicKeyToken=null" name="WithValueAnonymous" />
    </UnitTest>
    <UnitTest name="NamedRegistration" storage="c:\users\juliën hanssens\desktop\_maandag\consoleapplication1\seringe.tests\bin\debug\seringe.tests.dll" id="8c0ef87d-b98d-bc63-040b-636e15d7fde5">
      <Execution id="a20e268a-5efa-4747-9a3a-661220531f63" />
      <TestMethod codeBase="C:/Users/Juliën Hanssens/Desktop/_MAANDAG/ConsoleApplication1/Seringe.Tests/bin/Debug/Seringe.Tests.DLL" adapterTypeName="Microsoft.VisualStudio.TestTools.TestTypes.Unit.UnitTestAdapter, Microsoft.VisualStudio.QualityTools.Tips.UnitTest.Adapter, Version=10.0.0.0, Culture=neutral, PublicKeyToken=b03f5f7f11d50a3a" className="Seringe.Tests.SeringeContainerTests, Seringe.Tests, Version=1.0.0.0, Culture=neutral, PublicKeyToken=null" name="NamedRegistration" />
    </UnitTest>
    <UnitTest name="MultipleRegistrationWithPreference" storage="c:\users\juliën hanssens\desktop\_maandag\consoleapplication1\seringe.tests\bin\debug\seringe.tests.dll" id="8c4e941e-bfed-17d5-3d4c-a1409b4b9a6d">
      <Execution id="158106f3-6a9c-46d5-828e-1a07865eb16a" />
      <TestMethod codeBase="C:/Users/Juliën Hanssens/Desktop/_MAANDAG/ConsoleApplication1/Seringe.Tests/bin/Debug/Seringe.Tests.DLL" adapterTypeName="Microsoft.VisualStudio.TestTools.TestTypes.Unit.UnitTestAdapter, Microsoft.VisualStudio.QualityTools.Tips.UnitTest.Adapter, Version=10.0.0.0, Culture=neutral, PublicKeyToken=b03f5f7f11d50a3a" className="Seringe.Tests.SeringeContainerTests, Seringe.Tests, Version=1.0.0.0, Culture=neutral, PublicKeyToken=null" name="MultipleRegistrationWithPreference" />
    </UnitTest>
    <UnitTest name="MultipleRegistration" storage="c:\users\juliën hanssens\desktop\_maandag\consoleapplication1\seringe.tests\bin\debug\seringe.tests.dll" id="9d7c4772-7e67-a57e-09b7-a867969a8722">
      <Execution id="2dc8d91b-2784-4776-b9e6-1216ec6573b2" />
      <TestMethod codeBase="C:/Users/Juliën Hanssens/Desktop/_MAANDAG/ConsoleApplication1/Seringe.Tests/bin/Debug/Seringe.Tests.DLL" adapterTypeName="Microsoft.VisualStudio.TestTools.TestTypes.Unit.UnitTestAdapter, Microsoft.VisualStudio.QualityTools.Tips.UnitTest.Adapter, Version=10.0.0.0, Culture=neutral, PublicKeyToken=b03f5f7f11d50a3a" className="Seringe.Tests.SeringeContainerTests, Seringe.Tests, Version=1.0.0.0, Culture=neutral, PublicKeyToken=null" name="MultipleRegistration" />
    </UnitTest>
  </TestDefinitions>
  <TestLists>
    <TestList name="Results Not in a List" id="8c84fa94-04c1-424b-9868-57a2d4851a1d" />
    <TestList name="All Loaded Results" id="19431567-8539-422a-85d7-44ee4e166bda" />
  </TestLists>
  <TestEntries>
    <TestEntry testId="6817c872-fb08-8c17-aa7d-2d98226d3aea" executionId="bca3d1d6-521f-4240-acf8-839e1c4cf9fa" testListId="8c84fa94-04c1-424b-9868-57a2d4851a1d" />
    <TestEntry testId="9d7c4772-7e67-a57e-09b7-a867969a8722" executionId="2dc8d91b-2784-4776-b9e6-1216ec6573b2" testListId="8c84fa94-04c1-424b-9868-57a2d4851a1d" />
    <TestEntry testId="8c0ef87d-b98d-bc63-040b-636e15d7fde5" executionId="a20e268a-5efa-4747-9a3a-661220531f63" testListId="8c84fa94-04c1-424b-9868-57a2d4851a1d" />
    <TestEntry testId="66608283-736c-0d7a-faac-634df36634b9" executionId="a7b39b9d-ce6b-40c8-b6e0-eeea83b690cd" testListId="8c84fa94-04c1-424b-9868-57a2d4851a1d" />
    <TestEntry testId="84d1a2f0-e919-8be7-8f16-a04c71c03323" executionId="d0713084-b747-4cb6-b1b3-784ea723bb76" testListId="8c84fa94-04c1-424b-9868-57a2d4851a1d" />
    <TestEntry testId="8c4e941e-bfed-17d5-3d4c-a1409b4b9a6d" executionId="158106f3-6a9c-46d5-828e-1a07865eb16a" testListId="8c84fa94-04c1-424b-9868-57a2d4851a1d" />
  </TestEntries>
  <Results>
    <UnitTestResult executionId="bca3d1d6-521f-4240-acf8-839e1c4cf9fa" testId="6817c872-fb08-8c17-aa7d-2d98226d3aea" testName="AnonymousRegistration" computerName="GX755-005" duration="00:00:00.0386477" startTime="2012-02-13T15:16:18.3687715+01:00" endTime="2012-02-13T15:16:18.7007816+01:00" testType="13cdc9d9-ddb5-4fa4-a97d-d965ccfc6d4b" outcome="Passed" testListId="8c84fa94-04c1-424b-9868-57a2d4851a1d" relativeResultsDirectory="bca3d1d6-521f-4240-acf8-839e1c4cf9fa">
    </UnitTestResult>
    <UnitTestResult executionId="2dc8d91b-2784-4776-b9e6-1216ec6573b2" testId="9d7c4772-7e67-a57e-09b7-a867969a8722" testName="MultipleRegistration" computerName="GX755-005" duration="00:00:00.0009174" startTime="2012-02-13T15:16:18.7037817+01:00" endTime="2012-02-13T15:16:18.7097821+01:00" testType="13cdc9d9-ddb5-4fa4-a97d-d965ccfc6d4b" outcome="Passed" testListId="8c84fa94-04c1-424b-9868-57a2d4851a1d" relativeResultsDirectory="2dc8d91b-2784-4776-b9e6-1216ec6573b2">
    </UnitTestResult>
    <UnitTestResult executionId="a20e268a-5efa-4747-9a3a-661220531f63" testId="8c0ef87d-b98d-bc63-040b-636e15d7fde5" testName="NamedRegistration" computerName="GX755-005" duration="00:00:00.0003225" startTime="2012-02-13T15:16:18.7127822+01:00" endTime="2012-02-13T15:16:18.7157824+01:00" testType="13cdc9d9-ddb5-4fa4-a97d-d965ccfc6d4b" outcome="Passed" testListId="8c84fa94-04c1-424b-9868-57a2d4851a1d" relativeResultsDirectory="a20e268a-5efa-4747-9a3a-661220531f63">
    </UnitTestResult>
    <UnitTestResult executionId="a7b39b9d-ce6b-40c8-b6e0-eeea83b690cd" testId="66608283-736c-0d7a-faac-634df36634b9" testName="WithValue" computerName="GX755-005" duration="00:00:00.0011527" startTime="2012-02-13T15:16:18.7187826+01:00" endTime="2012-02-13T15:16:18.7227828+01:00" testType="13cdc9d9-ddb5-4fa4-a97d-d965ccfc6d4b" outcome="Passed" testListId="8c84fa94-04c1-424b-9868-57a2d4851a1d" relativeResultsDirectory="a7b39b9d-ce6b-40c8-b6e0-eeea83b690cd">
    </UnitTestResult>
    <UnitTestResult executionId="d0713084-b747-4cb6-b1b3-784ea723bb76" testId="84d1a2f0-e919-8be7-8f16-a04c71c03323" testName="WithValueAnonymous" computerName="GX755-005" duration="00:00:00.0003742" startTime="2012-02-13T15:16:18.7257830+01:00" endTime="2012-02-13T15:16:18.7287832+01:00" testType="13cdc9d9-ddb5-4fa4-a97d-d965ccfc6d4b" outcome="Passed" testListId="8c84fa94-04c1-424b-9868-57a2d4851a1d" relativeResultsDirectory="d0713084-b747-4cb6-b1b3-784ea723bb76">
    </UnitTestResult>
    <UnitTestResult executionId="158106f3-6a9c-46d5-828e-1a07865eb16a" testId="8c4e941e-bfed-17d5-3d4c-a1409b4b9a6d" testName="MultipleRegistrationWithPreference" computerName="GX755-005" duration="00:00:00.0195383" startTime="2012-02-13T15:16:18.7317833+01:00" endTime="2012-02-13T15:16:18.7547847+01:00" testType="13cdc9d9-ddb5-4fa4-a97d-d965ccfc6d4b" outcome="Failed" testListId="8c84fa94-04c1-424b-9868-57a2d4851a1d" relativeResultsDirectory="158106f3-6a9c-46d5-828e-1a07865eb16a">
      <Output>
        <ErrorInfo>
          <Message>Assert.AreEqual failed. Expected:&lt;5&gt;. Actual:&lt;0&gt;. </Message>
          <StackTrace>   at Seringe.Tests.SeringeContainerTests.MultipleRegistrationWithPreference() in C:\Users\Juliën Hanssens\Desktop\_MAANDAG\ConsoleApplication1\Seringe.Tests\SeringeContainerTests.cs:line 77
</StackTrace>
        </ErrorInfo>
      </Output>
    </UnitTestResult>
  </Results>
</TestRun>